<?xml version="1.0" encoding="UTF-8"?>
<testng-results ignored="0" total="1" passed="1" failed="0" skipped="0">
  <reporter-output>
  </reporter-output>
  <suite started-at="2024-09-08T23:21:07 IST" name="Surefire suite" finished-at="2024-09-08T23:21:24 IST" duration-ms="16717">
    <groups>
    </groups>
    <test started-at="2024-09-08T23:21:07 IST" name="Surefire test" finished-at="2024-09-08T23:21:24 IST" duration-ms="16717">
      <class name="com.example.LoginTest">
        <test-method is-config="true" signature="setUp()[pri:0, instance:com.example.LoginTest@7fc2413d]" started-at="2024-09-08T23:21:07 IST" name="setUp" finished-at="2024-09-08T23:21:08 IST" duration-ms="1360" status="PASS">
          <reporter-output>
          </reporter-output>
        </test-method> <!-- setUp -->
        <test-method signature="testLogin()[pri:0, instance:com.example.LoginTest@7fc2413d]" started-at="2024-09-08T23:21:09 IST" name="testLogin" finished-at="2024-09-08T23:21:23 IST" duration-ms="14990" status="PASS">
          <reporter-output>
          </reporter-output>
        </test-method> <!-- testLogin -->
        <test-method is-config="true" signature="tearDown()[pri:0, instance:com.example.LoginTest@7fc2413d]" started-at="2024-09-08T23:21:24 IST" name="tearDown" finished-at="2024-09-08T23:21:24 IST" duration-ms="327" status="PASS">
          <reporter-output>
          </reporter-output>
        </test-method> <!-- tearDown -->
      </class> <!-- com.example.LoginTest -->
    </test> <!-- Surefire test -->
  </suite> <!-- Surefire suite -->
</testng-results>
